****************** AST ******************
Let function
VAL
	Lambda
	Formal:
		x
	Body:
		Lambda
		Formal:
			w
		Body:
			Lambda
			Formal:
				z
			Body:
				Lambda
				Formal:
					jeremylin
				Body:
					UNOP: IsNil
						UNOP: print
							Lambda
							Formal:
								x
							Body:
								BINOP: >=
									BINOP: |
										BINOP: &
											UNOP: IsNil
												x
											UNOP: IsNil
												INT: 2
										BINOP: *
											INT: 2
											INT: 3
									BINOP: &
										BINOP: |
											INT: 6
											UNOP: IsNil
												BINOP: @
													UNOP: !
														x
													INT: 9
										UNOP: IsNil
											BINOP: @
												UNOP: #
													x
												INT: 4
BODY
	EXP LIST
		function
		BINOP: @
			INT: 1
			BINOP: @
				INT: 1
				INT: 1

*****************************************
